--------------------------------------------------------------------------
A process has executed an operation involving a call to the
"fork()" system call to create a child process.  Open MPI is currently
operating in a condition that could result in memory corruption or
other system errors; your job may hang, crash, or produce silent
data corruption.  The use of fork() (or system() or other calls that
create child processes) is strongly discouraged.

The process that invoked fork was:

  Local host:          [[35974,1],314] (PID 254239)

If you are *absolutely sure* that your application will successfully
and correctly survive a call to fork(), you may disable this warning
by setting the mpi_warn_on_fork MCA parameter to 0.
--------------------------------------------------------------------------
[udc-aj37-12c0:117875] 399 more processes have sent help message help-opal-runtime.txt / opal_init:warn-fork
[udc-aj37-12c0:117875] Set MCA parameter "orte_base_help_aggregate" to 0 to see all help / error messages
slurmstepd: error: *** JOB 50799419 ON udc-aj37-12c0 CANCELLED AT 2023-06-17T02:31:29 DUE TO TIME LIMIT ***
--------------------------------------------------------------------------
ORTE has lost communication with a remote daemon.

  HNP daemon   : [[35974,0],0] on node udc-aj37-12c0
  Remote daemon: [[35974,0],5] on node udc-aj37-14c1

This is usually due to either a failure of the TCP network
connection to the node, or possibly an internal failure of
the daemon itself. We cannot recover from this failure, and
therefore will terminate the job.
--------------------------------------------------------------------------
